[0920/113424.399:ERROR:process_memory_win.cc(73)] ReadMemory at 0x7ff777790000 of 64 bytes failed: Only part of a ReadProcessMemory or WriteProcessMemory request was completed. (0x12B)
[0920/113428.099:WARNING:pe_image_reader.cc(340)] could not read dos header from C:\Program Files (x86)\Google\Chrome\Application\chrome.exe
[0920/113428.099:ERROR:process_memory_win.cc(73)] ReadMemory at 0x7ff8fa700000 of 64 bytes failed: Only part of a ReadProcessMemory or WriteProcessMemory request was completed. (0x12B)
[0920/113428.099:WARNING:pe_image_reader.cc(340)] could not read dos header from C:\Windows\SYSTEM32\ntdll.dll
[0920/113428.099:ERROR:process_memory_win.cc(73)] ReadMemory at 0x7ff8f8880000 of 64 bytes failed: Only part of a ReadProcessMemory or WriteProcessMemory request was completed. (0x12B)
[0920/113428.725:WARNING:pe_image_reader.cc(340)] could not read dos header from C:\Windows\System32\KERNEL32.DLL
[0920/113428.725:ERROR:process_memory_win.cc(73)] ReadMemory at 0x7ff8f8500000 of 64 bytes failed: Only part of a ReadProcessMemory or WriteProcessMemory request was completed. (0x12B)
[0920/113428.725:WARNING:pe_image_reader.cc(340)] could not read dos header from C:\Windows\System32\KERNELBASE.dll
[0920/113428.725:ERROR:process_memory_win.cc(73)] ReadMemory at 0x7ff8d2260000 of 64 bytes failed: Only part of a ReadProcessMemory or WriteProcessMemory request was completed. (0x12B)
[0920/113428.832:WARNING:pe_image_reader.cc(340)] could not read dos header from C:\Program Files (x86)\Google\Chrome\Application\77.0.3865.90\chrome_elf.dll
[0920/113428.832:ERROR:process_memory_win.cc(73)] ReadMemory at 0x7ff8ea6d0000 of 64 bytes failed: Only part of a ReadProcessMemory or WriteProcessMemory request was completed. (0x12B)
[0920/113428.832:WARNING:pe_image_reader.cc(340)] could not read dos header from C:\Windows\SYSTEM32\VERSION.dll
[0920/113428.833:ERROR:process_memory_win.cc(73)] ReadMemory at 0x7ff8f8d20000 of 64 bytes failed: Only part of a ReadProcessMemory or WriteProcessMemory request was completed. (0x12B)
[0920/113428.833:WARNING:pe_image_reader.cc(340)] could not read dos header from C:\Windows\System32\msvcrt.dll
[0920/113428.833:ERROR:process_memory_win.cc(73)] ReadMemory at 0x7ff8f7ae0000 of 64 bytes failed: Only part of a ReadProcessMemory or WriteProcessMemory request was completed. (0x12B)
[0920/113428.833:WARNING:pe_image_reader.cc(340)] could not read dos header from C:\Windows\System32\bcryptPrimitives.dll
[0920/113428.833:ERROR:process_memory_win.cc(73)] ReadMemory at 0x7ff8f94d0000 of 64 bytes failed: Only part of a ReadProcessMemory or WriteProcessMemory request was completed. (0x12B)
[0920/113428.833:WARNING:pe_image_reader.cc(340)] could not read dos header from C:\Windows\System32\ADVAPI32.dll
[0920/113428.833:ERROR:process_memory_win.cc(73)] ReadMemory at 0x7ff8f91d0000 of 64 bytes failed: Only part of a ReadProcessMemory or WriteProcessMemory request was completed. (0x12B)
[0920/113428.833:WARNING:pe_image_reader.cc(340)] could not read dos header from C:\Windows\System32\sechost.dll
[0920/113428.833:ERROR:process_memory_win.cc(73)] ReadMemory at 0x7ff8f8aa0000 of 64 bytes failed: Only part of a ReadProcessMemory or WriteProcessMemory request was completed. (0x12B)
[0920/113428.833:WARNING:pe_image_reader.cc(340)] could not read dos header from C:\Windows\System32\RPCRT4.dll
[0920/113428.833:ERROR:process_memory_win.cc(73)] ReadMemory at 0x7ff8b6da0000 of 64 bytes failed: Only part of a ReadProcessMemory or WriteProcessMemory request was completed. (0x12B)
[0920/113428.833:WARNING:pe_image_reader.cc(340)] could not read dos header from C:\Program Files (x86)\Google\Chrome\Application\77.0.3865.90\chrome_child.dll
[0920/113428.833:ERROR:process_memory_win.cc(73)] ReadMemory at 0x7ff8f93a0000 of 64 bytes failed: Only part of a ReadProcessMemory or WriteProcessMemory request was completed. (0x12B)
[0920/113428.833:WARNING:pe_image_reader.cc(340)] could not read dos header from C:\Windows\System32\OLEAUT32.dll
[0920/113428.834:ERROR:process_memory_win.cc(73)] ReadMemory at 0x7ff8f7c90000 of 64 bytes failed: Only part of a ReadProcessMemory or WriteProcessMemory request was completed. (0x12B)
[0920/113428.838:WARNING:pe_image_reader.cc(340)] could not read dos header from C:\Windows\System32\msvcp_win.dll
[0920/113428.838:ERROR:process_memory_win.cc(73)] ReadMemory at 0x7ff8f79e0000 of 64 bytes failed: Only part of a ReadProcessMemory or WriteProcessMemory request was completed. (0x12B)
[0920/113428.838:WARNING:pe_image_reader.cc(340)] could not read dos header from C:\Windows\System32\ucrtbase.dll
[0920/113428.838:ERROR:process_memory_win.cc(73)] ReadMemory at 0x7ff8f8dc0000 of 64 bytes failed: Only part of a ReadProcessMemory or WriteProcessMemory request was completed. (0x12B)
[0920/113428.838:WARNING:pe_image_reader.cc(340)] could not read dos header from C:\Windows\System32\combase.dll
[0920/113428.838:ERROR:process_memory_win.cc(73)] ReadMemory at 0x7ff8f8a30000 of 64 bytes failed: Only part of a ReadProcessMemory or WriteProcessMemory request was completed. (0x12B)
[0920/113428.838:WARNING:pe_image_reader.cc(340)] could not read dos header from C:\Windows\System32\WS2_32.dll
[0920/113428.838:ERROR:process_memory_win.cc(73)] ReadMemory at 0x7ff8f9270000 of 64 bytes failed: Only part of a ReadProcessMemory or WriteProcessMemory request was completed. (0x12B)
[0920/113428.838:WARNING:pe_image_reader.cc(340)] could not read dos header from C:\Windows\System32\GDI32.dll
[0920/113428.838:ERROR:process_memory_win.cc(73)] ReadMemory at 0x7ff8f7c60000 of 64 bytes failed: Only part of a ReadProcessMemory or WriteProcessMemory request was completed. (0x12B)
[0920/113428.839:WARNING:pe_image_reader.cc(340)] could not read dos header from C:\Windows\System32\win32u.dll
[0920/113428.839:ERROR:process_memory_win.cc(73)] ReadMemory at 0x7ff8f7840000 of 64 bytes failed: Only part of a ReadProcessMemory or WriteProcessMemory request was completed. (0x12B)
[0920/113428.839:WARNING:pe_image_reader.cc(340)] could not read dos header from C:\Windows\System32\gdi32full.dll
[0920/113428.839:ERROR:process_memory_win.cc(73)] ReadMemory at 0x7ff8fa520000 of 64 bytes failed: Only part of a ReadProcessMemory or WriteProcessMemory request was completed. (0x12B)
[0920/113428.839:WARNING:pe_image_reader.cc(340)] could not read dos header from C:\Windows\System32\USER32.dll
[0920/113428.839:ERROR:process_memory_win.cc(73)] ReadMemory at 0x7ff8f7690000 of 64 bytes failed: Only part of a ReadProcessMemory or WriteProcessMemory request was completed. (0x12B)
[0920/113428.839:WARNING:pe_image_reader.cc(340)] could not read dos header from C:\Windows\System32\WINTRUST.dll
[0920/113428.839:ERROR:process_memory_win.cc(73)] ReadMemory at 0x7ff8f7620000 of 64 bytes failed: Only part of a ReadProcessMemory or WriteProcessMemory request was completed. (0x12B)
[0920/113428.839:WARNING:pe_image_reader.cc(340)] could not read dos header from C:\Windows\System32\MSASN1.dll
[0920/113428.839:ERROR:process_memory_win.cc(73)] ReadMemory at 0x7ff8f76f0000 of 64 bytes failed: Only part of a ReadProcessMemory or WriteProcessMemory request was completed. (0x12B)
[0920/113428.839:WARNING:pe_image_reader.cc(340)] could not read dos header from C:\Windows\System32\CRYPT32.dll
[0920/113428.839:ERROR:process_memory_win.cc(73)] ReadMemory at 0x7ff8f6af0000 of 64 bytes failed: Only part of a ReadProcessMemory or WriteProcessMemory request was completed. (0x12B)
[0920/113428.839:WARNING:pe_image_reader.cc(340)] could not read dos header from C:\Windows\SYSTEM32\IPHLPAPI.DLL
[0920/113428.839:ERROR:process_memory_win.cc(73)] ReadMemory at 0x7ff8f5700000 of 64 bytes failed: Only part of a ReadProcessMemory or WriteProcessMemory request was completed. (0x12B)
[0920/113428.839:WARNING:pe_image_reader.cc(340)] could not read dos header from C:\Windows\SYSTEM32\WINMM.dll
[0920/113428.840:ERROR:process_memory_win.cc(73)] ReadMemory at 0x7ff8f74f0000 of 64 bytes failed: Only part of a ReadProcessMemory or WriteProcessMemory request was completed. (0x12B)
[0920/113428.840:WARNING:pe_image_reader.cc(340)] could not read dos header from C:\Windows\SYSTEM32\USERENV.dll
[0920/113428.840:ERROR:process_memory_win.cc(73)] ReadMemory at 0x7ff8f75e0000 of 64 bytes failed: Only part of a ReadProcessMemory or WriteProcessMemory request was completed. (0x12B)
[0920/113428.840:WARNING:pe_image_reader.cc(340)] could not read dos header from C:\Windows\System32\profapi.dll
[0920/113428.840:ERROR:process_memory_win.cc(73)] ReadMemory at 0x7ff8e7a30000 of 64 bytes failed: Only part of a ReadProcessMemory or WriteProcessMemory request was completed. (0x12B)
[0920/113428.840:WARNING:pe_image_reader.cc(340)] could not read dos header from C:\Windows\SYSTEM32\DWrite.dll
[0920/113428.840:ERROR:process_memory_win.cc(73)] ReadMemory at 0x7ff8e2120000 of 64 bytes failed: Only part of a ReadProcessMemory or WriteProcessMemory request was completed. (0x12B)
[0920/113428.840:WARNING:pe_image_reader.cc(340)] could not read dos header from C:\Windows\SYSTEM32\WINSPOOL.DRV
[0920/113428.840:ERROR:process_memory_win.cc(73)] ReadMemory at 0x7ff8f7600000 of 64 bytes failed: Only part of a ReadProcessMemory or WriteProcessMemory request was completed. (0x12B)
[0920/113428.840:WARNING:pe_image_reader.cc(340)] could not read dos header from C:\Windows\System32\kernel.appcore.dll
[0920/113428.840:ERROR:process_memory_win.cc(73)] ReadMemory at 0x7ff8f7b80000 of 64 bytes failed: Only part of a ReadProcessMemory or WriteProcessMemory request was completed. (0x12B)
[0920/113428.840:WARNING:pe_image_reader.cc(340)] could not read dos header from C:\Windows\System32\bcrypt.dll
[0920/113428.840:ERROR:process_memory_win.cc(73)] ReadMemory at 0x7ff8ea6e0000 of 64 bytes failed: Only part of a ReadProcessMemory or WriteProcessMemory request was completed. (0x12B)
[0920/113428.840:WARNING:pe_image_reader.cc(340)] could not read dos header from C:\Windows\SYSTEM32\dbghelp.dll
[0920/113428.841:ERROR:process_memory_win.cc(73)] ReadMemory at 0x7ff8ed610000 of 64 bytes failed: Only part of a ReadProcessMemory or WriteProcessMemory request was completed. (0x12B)
[0920/113428.841:WARNING:pe_image_reader.cc(340)] could not read dos header from C:\Windows\SYSTEM32\WINHTTP.dll
[0920/113428.841:ERROR:process_memory_win.cc(73)] ReadMemory at 0x7ff8eae30000 of 64 bytes failed: Only part of a ReadProcessMemory or WriteProcessMemory request was completed. (0x12B)
[0920/113428.841:WARNING:pe_image_reader.cc(340)] could not read dos header from C:\Windows\SYSTEM32\Secur32.dll
[0920/113428.841:ERROR:process_memory_win.cc(73)] ReadMemory at 0x7ff8efff0000 of 64 bytes failed: Only part of a ReadProcessMemory or WriteProcessMemory request was completed. (0x12B)
[0920/113428.841:WARNING:pe_image_reader.cc(340)] could not read dos header from C:\Windows\SYSTEM32\dhcpcsvc.DLL
[0920/113428.841:ERROR:process_memory_win.cc(73)] ReadMemory at 0x23f6f9b0000 of 64 bytes failed: Only part of a ReadProcessMemory or WriteProcessMemory request was completed. (0x12B)
[0920/113428.841:WARNING:pe_image_reader.cc(340)] could not read dos header from C:\Windows\System32\NSI.dll
[0920/113428.841:ERROR:process_memory_win.cc(73)] ReadMemory at 0x7ff8f56d0000 of 64 bytes failed: Only part of a ReadProcessMemory or WriteProcessMemory request was completed. (0x12B)
[0920/113428.841:WARNING:pe_image_reader.cc(340)] could not read dos header from C:\Windows\SYSTEM32\WINMMBASE.dll
[0920/113428.841:ERROR:process_memory_win.cc(73)] ReadMemory at 0x7ff8f7d30000 of 64 bytes failed: Only part of a ReadProcessMemory or WriteProcessMemory request was completed. (0x12B)
[0920/113428.841:WARNING:pe_image_reader.cc(340)] could not read dos header from C:\Windows\System32\cfgmgr32.dll
[0920/113428.841:ERROR:process_memory_win.cc(73)] ReadMemory at 0x7ff8f4f80000 of 64 bytes failed: Only part of a ReadProcessMemory or WriteProcessMemory request was completed. (0x12B)
[0920/113428.841:WARNING:pe_image_reader.cc(340)] could not read dos header from C:\Windows\SYSTEM32\PROPSYS.dll
[0920/113428.841:ERROR:process_memory_win.cc(73)] ReadMemory at 0x7ff8f8950000 of 64 bytes failed: Only part of a ReadProcessMemory or WriteProcessMemory request was completed. (0x12B)
[0920/113428.842:WARNING:pe_image_reader.cc(340)] could not read dos header from C:\Windows\System32\shcore.dll
[0920/113428.842:ERROR:process_memory_win.cc(73)] ReadMemory at 0x7ff8f74c0000 of 64 bytes failed: Only part of a ReadProcessMemory or WriteProcessMemory request was completed. (0x12B)
[0920/113428.842:WARNING:pe_image_reader.cc(340)] could not read dos header from C:\Windows\SYSTEM32\SSPICLI.DLL
[0920/113428.842:ERROR:process_memory_win.cc(73)] ReadMemory at 0x7ff8f8a00000 of 64 bytes failed: Only part of a ReadProcessMemory or WriteProcessMemory request was completed. (0x12B)
[0920/113428.842:WARNING:pe_image_reader.cc(340)] could not read dos header from C:\Windows\System32\IMM32.DLL
[0920/113428.842:ERROR:process_memory_win.cc(73)] ReadMemory at 0x7ff8f6fb0000 of 64 bytes failed: Only part of a ReadProcessMemory or WriteProcessMemory request was completed. (0x12B)
[0920/113428.842:WARNING:pe_image_reader.cc(340)] could not read dos header from C:\Windows\SYSTEM32\CRYPTBASE.DLL
[0920/113428.842:ERROR:process_memory_win.cc(73)] ReadMemory at 0x7ff777790000 of 64 bytes failed: Only part of a ReadProcessMemory or WriteProcessMemory request was completed. (0x12B)
[0920/113428.842:WARNING:pe_image_reader.cc(340)] could not read dos header from C:\Program Files (x86)\Google\Chrome\Application\chrome.exe
[0920/113428.842:ERROR:process_memory_win.cc(73)] ReadMemory at 0x7ff8fa700000 of 64 bytes failed: Only part of a ReadProcessMemory or WriteProcessMemory request was completed. (0x12B)
[0920/113428.842:WARNING:pe_image_reader.cc(340)] could not read dos header from C:\Windows\SYSTEM32\ntdll.dll
[0920/113428.842:ERROR:process_memory_win.cc(73)] ReadMemory at 0x7ff8f8880000 of 64 bytes failed: Only part of a ReadProcessMemory or WriteProcessMemory request was completed. (0x12B)
[0920/113428.842:WARNING:pe_image_reader.cc(340)] could not read dos header from C:\Windows\System32\KERNEL32.DLL
[0920/113428.842:ERROR:process_memory_win.cc(73)] ReadMemory at 0x7ff8f8500000 of 64 bytes failed: Only part of a ReadProcessMemory or WriteProcessMemory request was completed. (0x12B)
[0920/113428.842:WARNING:pe_image_reader.cc(340)] could not read dos header from C:\Windows\System32\KERNELBASE.dll
[0920/113428.843:ERROR:process_memory_win.cc(73)] ReadMemory at 0x7ff8d2260000 of 64 bytes failed: Only part of a ReadProcessMemory or WriteProcessMemory request was completed. (0x12B)
[0920/113428.843:WARNING:pe_image_reader.cc(340)] could not read dos header from C:\Program Files (x86)\Google\Chrome\Application\77.0.3865.90\chrome_elf.dll
[0920/113428.843:ERROR:process_memory_win.cc(73)] ReadMemory at 0x7ff8ea6d0000 of 64 bytes failed: Only part of a ReadProcessMemory or WriteProcessMemory request was completed. (0x12B)
[0920/113428.843:WARNING:pe_image_reader.cc(340)] could not read dos header from C:\Windows\SYSTEM32\VERSION.dll
[0920/113428.843:ERROR:process_memory_win.cc(73)] ReadMemory at 0x7ff8f8d20000 of 64 bytes failed: Only part of a ReadProcessMemory or WriteProcessMemory request was completed. (0x12B)
[0920/113428.843:WARNING:pe_image_reader.cc(340)] could not read dos header from C:\Windows\System32\msvcrt.dll
[0920/113428.843:ERROR:process_memory_win.cc(73)] ReadMemory at 0x7ff8f7ae0000 of 64 bytes failed: Only part of a ReadProcessMemory or WriteProcessMemory request was completed. (0x12B)
[0920/113428.843:WARNING:pe_image_reader.cc(340)] could not read dos header from C:\Windows\System32\bcryptPrimitives.dll
[0920/113428.843:ERROR:process_memory_win.cc(73)] ReadMemory at 0x7ff8f94d0000 of 64 bytes failed: Only part of a ReadProcessMemory or WriteProcessMemory request was completed. (0x12B)
[0920/113428.843:WARNING:pe_image_reader.cc(340)] could not read dos header from C:\Windows\System32\ADVAPI32.dll
[0920/113428.843:ERROR:process_memory_win.cc(73)] ReadMemory at 0x7ff8f91d0000 of 64 bytes failed: Only part of a ReadProcessMemory or WriteProcessMemory request was completed. (0x12B)
[0920/113428.843:WARNING:pe_image_reader.cc(340)] could not read dos header from C:\Windows\System32\sechost.dll
[0920/113428.843:ERROR:process_memory_win.cc(73)] ReadMemory at 0x7ff8f8aa0000 of 64 bytes failed: Only part of a ReadProcessMemory or WriteProcessMemory request was completed. (0x12B)
[0920/113428.844:WARNING:pe_image_reader.cc(340)] could not read dos header from C:\Windows\System32\RPCRT4.dll
[0920/113428.844:ERROR:process_memory_win.cc(73)] ReadMemory at 0x7ff8b6da0000 of 64 bytes failed: Only part of a ReadProcessMemory or WriteProcessMemory request was completed. (0x12B)
[0920/113428.844:WARNING:pe_image_reader.cc(340)] could not read dos header from C:\Program Files (x86)\Google\Chrome\Application\77.0.3865.90\chrome_child.dll
[0920/113428.844:ERROR:process_memory_win.cc(73)] ReadMemory at 0x7ff8f93a0000 of 64 bytes failed: Only part of a ReadProcessMemory or WriteProcessMemory request was completed. (0x12B)
[0920/113428.844:WARNING:pe_image_reader.cc(340)] could not read dos header from C:\Windows\System32\OLEAUT32.dll
[0920/113428.844:ERROR:process_memory_win.cc(73)] ReadMemory at 0x7ff8f7c90000 of 64 bytes failed: Only part of a ReadProcessMemory or WriteProcessMemory request was completed. (0x12B)
[0920/113428.844:WARNING:pe_image_reader.cc(340)] could not read dos header from C:\Windows\System32\msvcp_win.dll
[0920/113428.844:ERROR:process_memory_win.cc(73)] ReadMemory at 0x7ff8f79e0000 of 64 bytes failed: Only part of a ReadProcessMemory or WriteProcessMemory request was completed. (0x12B)
[0920/113428.844:WARNING:pe_image_reader.cc(340)] could not read dos header from C:\Windows\System32\ucrtbase.dll
[0920/113428.844:ERROR:process_memory_win.cc(73)] ReadMemory at 0x7ff8f8dc0000 of 64 bytes failed: Only part of a ReadProcessMemory or WriteProcessMemory request was completed. (0x12B)
[0920/113428.844:WARNING:pe_image_reader.cc(340)] could not read dos header from C:\Windows\System32\combase.dll
[0920/113428.844:ERROR:process_memory_win.cc(73)] ReadMemory at 0x7ff8f8a30000 of 64 bytes failed: Only part of a ReadProcessMemory or WriteProcessMemory request was completed. (0x12B)
[0920/113428.844:WARNING:pe_image_reader.cc(340)] could not read dos header from C:\Windows\System32\WS2_32.dll
[0920/113428.845:ERROR:process_memory_win.cc(73)] ReadMemory at 0x7ff8f9270000 of 64 bytes failed: Only part of a ReadProcessMemory or WriteProcessMemory request was completed. (0x12B)
[0920/113428.845:WARNING:pe_image_reader.cc(340)] could not read dos header from C:\Windows\System32\GDI32.dll
[0920/113428.845:ERROR:process_memory_win.cc(73)] ReadMemory at 0x7ff8f7c60000 of 64 bytes failed: Only part of a ReadProcessMemory or WriteProcessMemory request was completed. (0x12B)
[0920/113428.845:WARNING:pe_image_reader.cc(340)] could not read dos header from C:\Windows\System32\win32u.dll
[0920/113428.845:ERROR:process_memory_win.cc(73)] ReadMemory at 0x7ff8f7840000 of 64 bytes failed: Only part of a ReadProcessMemory or WriteProcessMemory request was completed. (0x12B)
[0920/113428.845:WARNING:pe_image_reader.cc(340)] could not read dos header from C:\Windows\System32\gdi32full.dll
[0920/113428.845:ERROR:process_memory_win.cc(73)] ReadMemory at 0x7ff8fa520000 of 64 bytes failed: Only part of a ReadProcessMemory or WriteProcessMemory request was completed. (0x12B)
[0920/113428.845:WARNING:pe_image_reader.cc(340)] could not read dos header from C:\Windows\System32\USER32.dll
[0920/113428.845:ERROR:process_memory_win.cc(73)] ReadMemory at 0x7ff8f7690000 of 64 bytes failed: Only part of a ReadProcessMemory or WriteProcessMemory request was completed. (0x12B)
[0920/113428.845:WARNING:pe_image_reader.cc(340)] could not read dos header from C:\Windows\System32\WINTRUST.dll
[0920/113428.845:ERROR:process_memory_win.cc(73)] ReadMemory at 0x7ff8f7620000 of 64 bytes failed: Only part of a ReadProcessMemory or WriteProcessMemory request was completed. (0x12B)
[0920/113428.845:WARNING:pe_image_reader.cc(340)] could not read dos header from C:\Windows\System32\MSASN1.dll
[0920/113428.845:ERROR:process_memory_win.cc(73)] ReadMemory at 0x7ff8f76f0000 of 64 bytes failed: Only part of a ReadProcessMemory or WriteProcessMemory request was completed. (0x12B)
[0920/113428.845:WARNING:pe_image_reader.cc(340)] could not read dos header from C:\Windows\System32\CRYPT32.dll
[0920/113428.845:ERROR:process_memory_win.cc(73)] ReadMemory at 0x7ff8f6af0000 of 64 bytes failed: Only part of a ReadProcessMemory or WriteProcessMemory request was completed. (0x12B)
[0920/113428.846:WARNING:pe_image_reader.cc(340)] could not read dos header from C:\Windows\SYSTEM32\IPHLPAPI.DLL
[0920/113428.846:ERROR:process_memory_win.cc(73)] ReadMemory at 0x7ff8f5700000 of 64 bytes failed: Only part of a ReadProcessMemory or WriteProcessMemory request was completed. (0x12B)
[0920/113428.846:WARNING:pe_image_reader.cc(340)] could not read dos header from C:\Windows\SYSTEM32\WINMM.dll
[0920/113428.846:ERROR:process_memory_win.cc(73)] ReadMemory at 0x7ff8f74f0000 of 64 bytes failed: Only part of a ReadProcessMemory or WriteProcessMemory request was completed. (0x12B)
[0920/113428.846:WARNING:pe_image_reader.cc(340)] could not read dos header from C:\Windows\SYSTEM32\USERENV.dll
[0920/113428.846:ERROR:process_memory_win.cc(73)] ReadMemory at 0x7ff8f75e0000 of 64 bytes failed: Only part of a ReadProcessMemory or WriteProcessMemory request was completed. (0x12B)
[0920/113428.846:WARNING:pe_image_reader.cc(340)] could not read dos header from C:\Windows\System32\profapi.dll
[0920/113428.846:ERROR:process_memory_win.cc(73)] ReadMemory at 0x7ff8e7a30000 of 64 bytes failed: Only part of a ReadProcessMemory or WriteProcessMemory request was completed. (0x12B)
[0920/113428.846:WARNING:pe_image_reader.cc(340)] could not read dos header from C:\Windows\SYSTEM32\DWrite.dll
[0920/113428.846:ERROR:process_memory_win.cc(73)] ReadMemory at 0x7ff8e2120000 of 64 bytes failed: Only part of a ReadProcessMemory or WriteProcessMemory request was completed. (0x12B)
[0920/113428.846:WARNING:pe_image_reader.cc(340)] could not read dos header from C:\Windows\SYSTEM32\WINSPOOL.DRV
[0920/113428.846:ERROR:process_memory_win.cc(73)] ReadMemory at 0x7ff8f7600000 of 64 bytes failed: Only part of a ReadProcessMemory or WriteProcessMemory request was completed. (0x12B)
[0920/113428.846:WARNING:pe_image_reader.cc(340)] could not read dos header from C:\Windows\System32\kernel.appcore.dll
[0920/113428.846:ERROR:process_memory_win.cc(73)] ReadMemory at 0x7ff8f7b80000 of 64 bytes failed: Only part of a ReadProcessMemory or WriteProcessMemory request was completed. (0x12B)
[0920/113428.846:WARNING:pe_image_reader.cc(340)] could not read dos header from C:\Windows\System32\bcrypt.dll
[0920/113428.847:ERROR:process_memory_win.cc(73)] ReadMemory at 0x7ff8ea6e0000 of 64 bytes failed: Only part of a ReadProcessMemory or WriteProcessMemory request was completed. (0x12B)
[0920/113428.847:WARNING:pe_image_reader.cc(340)] could not read dos header from C:\Windows\SYSTEM32\dbghelp.dll
[0920/113428.847:ERROR:process_memory_win.cc(73)] ReadMemory at 0x7ff8ed610000 of 64 bytes failed: Only part of a ReadProcessMemory or WriteProcessMemory request was completed. (0x12B)
[0920/113428.847:WARNING:pe_image_reader.cc(340)] could not read dos header from C:\Windows\SYSTEM32\WINHTTP.dll
[0920/113428.847:ERROR:process_memory_win.cc(73)] ReadMemory at 0x7ff8eae30000 of 64 bytes failed: Only part of a ReadProcessMemory or WriteProcessMemory request was completed. (0x12B)
[0920/113428.847:WARNING:pe_image_reader.cc(340)] could not read dos header from C:\Windows\SYSTEM32\Secur32.dll
[0920/113428.847:ERROR:process_memory_win.cc(73)] ReadMemory at 0x7ff8efff0000 of 64 bytes failed: Only part of a ReadProcessMemory or WriteProcessMemory request was completed. (0x12B)
[0920/113428.847:WARNING:pe_image_reader.cc(340)] could not read dos header from C:\Windows\SYSTEM32\dhcpcsvc.DLL
[0920/113428.847:ERROR:process_memory_win.cc(73)] ReadMemory at 0x23f6f9b0000 of 64 bytes failed: Only part of a ReadProcessMemory or WriteProcessMemory request was completed. (0x12B)
[0920/113428.847:WARNING:pe_image_reader.cc(340)] could not read dos header from C:\Windows\System32\NSI.dll
[0920/113428.847:ERROR:process_memory_win.cc(73)] ReadMemory at 0x7ff8f56d0000 of 64 bytes failed: Only part of a ReadProcessMemory or WriteProcessMemory request was completed. (0x12B)
[0920/113428.847:WARNING:pe_image_reader.cc(340)] could not read dos header from C:\Windows\SYSTEM32\WINMMBASE.dll
[0920/113428.847:ERROR:process_memory_win.cc(73)] ReadMemory at 0x7ff8f7d30000 of 64 bytes failed: Only part of a ReadProcessMemory or WriteProcessMemory request was completed. (0x12B)
[0920/113428.847:WARNING:pe_image_reader.cc(340)] could not read dos header from C:\Windows\System32\cfgmgr32.dll
[0920/113428.847:ERROR:process_memory_win.cc(73)] ReadMemory at 0x7ff8f4f80000 of 64 bytes failed: Only part of a ReadProcessMemory or WriteProcessMemory request was completed. (0x12B)
[0920/113428.847:WARNING:pe_image_reader.cc(340)] could not read dos header from C:\Windows\SYSTEM32\PROPSYS.dll
[0920/113428.848:ERROR:process_memory_win.cc(73)] ReadMemory at 0x7ff8f8950000 of 64 bytes failed: Only part of a ReadProcessMemory or WriteProcessMemory request was completed. (0x12B)
[0920/113428.848:WARNING:pe_image_reader.cc(340)] could not read dos header from C:\Windows\System32\shcore.dll
[0920/113428.848:ERROR:process_memory_win.cc(73)] ReadMemory at 0x7ff8f74c0000 of 64 bytes failed: Only part of a ReadProcessMemory or WriteProcessMemory request was completed. (0x12B)
[0920/113428.848:WARNING:pe_image_reader.cc(340)] could not read dos header from C:\Windows\SYSTEM32\SSPICLI.DLL
[0920/113428.848:ERROR:process_memory_win.cc(73)] ReadMemory at 0x7ff8f8a00000 of 64 bytes failed: Only part of a ReadProcessMemory or WriteProcessMemory request was completed. (0x12B)
[0920/113428.848:WARNING:pe_image_reader.cc(340)] could not read dos header from C:\Windows\System32\IMM32.DLL
[0920/113428.848:ERROR:process_memory_win.cc(73)] ReadMemory at 0x7ff8f6fb0000 of 64 bytes failed: Only part of a ReadProcessMemory or WriteProcessMemory request was completed. (0x12B)
[0920/113428.848:WARNING:pe_image_reader.cc(340)] could not read dos header from C:\Windows\SYSTEM32\CRYPTBASE.DLL
[0920/113429.207:ERROR:process_memory_win.cc(73)] ReadMemory at 0x64225f5000 of 45056 bytes failed: Only part of a ReadProcessMemory or WriteProcessMemory request was completed. (0x12B)
[0920/113429.207:ERROR:process_memory_win.cc(73)] ReadMemory at 0x6422dfd000 of 12288 bytes failed: Only part of a ReadProcessMemory or WriteProcessMemory request was completed. (0x12B)
[0920/113429.207:ERROR:process_memory_win.cc(73)] ReadMemory at 0x64235f5000 of 45056 bytes failed: Only part of a ReadProcessMemory or WriteProcessMemory request was completed. (0x12B)
[0920/113429.208:ERROR:process_memory_win.cc(73)] ReadMemory at 0x6423dfc000 of 16384 bytes failed: Only part of a ReadProcessMemory or WriteProcessMemory request was completed. (0x12B)
[0920/113429.208:ERROR:process_memory_win.cc(73)] ReadMemory at 0x64245fb000 of 20480 bytes failed: Only part of a ReadProcessMemory or WriteProcessMemory request was completed. (0x12B)
[0920/113429.847:ERROR:process_memory_win.cc(73)] ReadMemory at 0x6424dff000 of 4096 bytes failed: Only part of a ReadProcessMemory or WriteProcessMemory request was completed. (0x12B)
[0920/113429.848:ERROR:process_memory_win.cc(73)] ReadMemory at 0x64255fd000 of 12288 bytes failed: Only part of a ReadProcessMemory or WriteProcessMemory request was completed. (0x12B)
[0920/113429.848:ERROR:process_memory_win.cc(73)] ReadMemory at 0x6425dfb000 of 20480 bytes failed: Only part of a ReadProcessMemory or WriteProcessMemory request was completed. (0x12B)
[0920/113429.848:ERROR:process_memory_win.cc(73)] ReadMemory at 0x6426df8000 of 32768 bytes failed: Only part of a ReadProcessMemory or WriteProcessMemory request was completed. (0x12B)
[0920/113429.849:ERROR:process_memory_win.cc(73)] ReadMemory at 0x64275f7000 of 36864 bytes failed: Only part of a ReadProcessMemory or WriteProcessMemory request was completed. (0x12B)
[0920/113429.849:ERROR:process_memory_win.cc(73)] ReadMemory at 0x6427dfd000 of 12288 bytes failed: Only part of a ReadProcessMemory or WriteProcessMemory request was completed. (0x12B)
[0920/113429.849:ERROR:process_memory_win.cc(73)] ReadMemory at 0x64285fc000 of 16384 bytes failed: Only part of a ReadProcessMemory or WriteProcessMemory request was completed. (0x12B)
[0920/113429.849:ERROR:process_memory_win.cc(73)] ReadMemory at 0x6428dfc000 of 16384 bytes failed: Only part of a ReadProcessMemory or WriteProcessMemory request was completed. (0x12B)
[0920/113429.850:ERROR:process_memory_win.cc(73)] ReadMemory at 0x64265ff000 of 4096 bytes failed: Only part of a ReadProcessMemory or WriteProcessMemory request was completed. (0x12B)
[0920/113429.868:ERROR:process_memory_win.cc(73)] ReadMemory at 0x11964d47d0 of 784 bytes failed: Only part of a ReadProcessMemory or WriteProcessMemory request was completed. (0x12B)
[0920/113429.868:ERROR:process_memory_win.cc(73)] ReadMemory at 0x6421caf000 of 852 bytes failed: Only part of a ReadProcessMemory or WriteProcessMemory request was completed. (0x12B)
[0920/113430.058:ERROR:process_memory_win.cc(73)] ReadMemory at 0x6421cb0000 of 6024 bytes failed: Only part of a ReadProcessMemory or WriteProcessMemory request was completed. (0x12B)
[0920/113430.058:ERROR:process_memory_win.cc(73)] ReadMemory at 0x6421cb2000 of 6024 bytes failed: Only part of a ReadProcessMemory or WriteProcessMemory request was completed. (0x12B)
[0920/113430.058:ERROR:process_memory_win.cc(73)] ReadMemory at 0x6421cb4000 of 6024 bytes failed: Only part of a ReadProcessMemory or WriteProcessMemory request was completed. (0x12B)
[0920/113430.059:ERROR:process_memory_win.cc(73)] ReadMemory at 0x6421cb6000 of 6024 bytes failed: Only part of a ReadProcessMemory or WriteProcessMemory request was completed. (0x12B)
[0920/113430.059:ERROR:process_memory_win.cc(73)] ReadMemory at 0x6421cb8000 of 6024 bytes failed: Only part of a ReadProcessMemory or WriteProcessMemory request was completed. (0x12B)
[0920/113430.059:ERROR:process_memory_win.cc(73)] ReadMemory at 0x6421cba000 of 6024 bytes failed: Only part of a ReadProcessMemory or WriteProcessMemory request was completed. (0x12B)
[0920/113430.059:ERROR:process_memory_win.cc(73)] ReadMemory at 0x6421cbc000 of 6024 bytes failed: Only part of a ReadProcessMemory or WriteProcessMemory request was completed. (0x12B)
[0920/113430.059:ERROR:process_memory_win.cc(73)] ReadMemory at 0x6421cbe000 of 6024 bytes failed: Only part of a ReadProcessMemory or WriteProcessMemory request was completed. (0x12B)
[0920/113430.059:ERROR:process_memory_win.cc(73)] ReadMemory at 0x6421cc2000 of 6024 bytes failed: Only part of a ReadProcessMemory or WriteProcessMemory request was completed. (0x12B)
[0920/113430.060:ERROR:process_memory_win.cc(73)] ReadMemory at 0x6421cc4000 of 6024 bytes failed: Only part of a ReadProcessMemory or WriteProcessMemory request was completed. (0x12B)
[0920/113430.060:ERROR:process_memory_win.cc(73)] ReadMemory at 0x6421cc6000 of 6024 bytes failed: Only part of a ReadProcessMemory or WriteProcessMemory request was completed. (0x12B)
[0920/113430.060:ERROR:process_memory_win.cc(73)] ReadMemory at 0x6421cc8000 of 6024 bytes failed: Only part of a ReadProcessMemory or WriteProcessMemory request was completed. (0x12B)
[0920/113430.060:ERROR:process_memory_win.cc(73)] ReadMemory at 0x6421cca000 of 6024 bytes failed: Only part of a ReadProcessMemory or WriteProcessMemory request was completed. (0x12B)
[0920/113430.060:ERROR:process_memory_win.cc(73)] ReadMemory at 0x6421ccc000 of 6024 bytes failed: Only part of a ReadProcessMemory or WriteProcessMemory request was completed. (0x12B)
[0920/113430.384:ERROR:process_memory_win.cc(73)] ReadMemory at 0x23f6f720fe0 of 14596 bytes failed: Only part of a ReadProcessMemory or WriteProcessMemory request was completed. (0x12B)
[0920/113430.385:ERROR:process_memory_win.cc(73)] ReadMemory at 0x23f6f7248f0 of 1012 bytes failed: Only part of a ReadProcessMemory or WriteProcessMemory request was completed. (0x12B)
[0920/113430.385:ERROR:process_memory_win.cc(73)] ReadMemory at 0x23f6f724f38 of 118 bytes failed: Only part of a ReadProcessMemory or WriteProcessMemory request was completed. (0x12B)
[0920/113430.385:ERROR:process_memory_win.cc(73)] ReadMemory at 0x23f6f724fb0 of 860 bytes failed: Only part of a ReadProcessMemory or WriteProcessMemory request was completed. (0x12B)
[0920/113430.414:ERROR:process_memory_win.cc(73)] ReadMemory at 0x23f6f72530e of 118 bytes failed: Only part of a ReadProcessMemory or WriteProcessMemory request was completed. (0x12B)
[0920/113430.414:ERROR:process_memory_win.cc(73)] ReadMemory at 0x23f6f725386 of 98 bytes failed: Only part of a ReadProcessMemory or WriteProcessMemory request was completed. (0x12B)
[0920/113430.414:ERROR:process_memory_win.cc(73)] ReadMemory at 0x23f6f725400 of 58 bytes failed: Only part of a ReadProcessMemory or WriteProcessMemory request was completed. (0x12B)
[0920/113430.414:ERROR:process_memory_win.cc(73)] ReadMemory at 0x23f6f725500 of 132 bytes failed: Only part of a ReadProcessMemory or WriteProcessMemory request was completed. (0x12B)
[0920/113430.593:ERROR:process_memory_win.cc(73)] ReadMemory at 0x23f6f725690 of 132 bytes failed: Only part of a ReadProcessMemory or WriteProcessMemory request was completed. (0x12B)
[0920/113430.593:ERROR:process_memory_win.cc(73)] ReadMemory at 0x23f6f725850 of 124 bytes failed: Only part of a ReadProcessMemory or WriteProcessMemory request was completed. (0x12B)
[0920/113430.593:ERROR:process_memory_win.cc(73)] ReadMemory at 0x23f6f725c30 of 132 bytes failed: Only part of a ReadProcessMemory or WriteProcessMemory request was completed. (0x12B)
[0920/113430.687:ERROR:process_memory_win.cc(73)] ReadMemory at 0x23f6f725dc0 of 64 bytes failed: Only part of a ReadProcessMemory or WriteProcessMemory request was completed. (0x12B)
[0920/113430.688:ERROR:process_memory_win.cc(73)] ReadMemory at 0x23f6f725e10 of 132 bytes failed: Only part of a ReadProcessMemory or WriteProcessMemory request was completed. (0x12B)
[0920/113430.688:ERROR:process_memory_win.cc(73)] ReadMemory at 0x23f6f725f80 of 132 bytes failed: Only part of a ReadProcessMemory or WriteProcessMemory request was completed. (0x12B)
[0920/113430.688:ERROR:process_memory_win.cc(73)] ReadMemory at 0x23f6f726220 of 132 bytes failed: Only part of a ReadProcessMemory or WriteProcessMemory request was completed. (0x12B)
[0920/113430.688:ERROR:process_memory_win.cc(73)] ReadMemory at 0x23f6f7263b0 of 68 bytes failed: Only part of a ReadProcessMemory or WriteProcessMemory request was completed. (0x12B)
[0920/113430.689:ERROR:process_memory_win.cc(73)] ReadMemory at 0x23f6f7274b0 of 132 bytes failed: Only part of a ReadProcessMemory or WriteProcessMemory request was completed. (0x12B)
[0920/113430.975:ERROR:process_memory_win.cc(73)] ReadMemory at 0x23f6f727640 of 152 bytes failed: Only part of a ReadProcessMemory or WriteProcessMemory request was completed. (0x12B)
[0920/113430.975:ERROR:process_memory_win.cc(73)] ReadMemory at 0x23f6f728430 of 132 bytes failed: Only part of a ReadProcessMemory or WriteProcessMemory request was completed. (0x12B)
[0920/113430.975:ERROR:process_memory_win.cc(73)] ReadMemory at 0x23f6f7285c0 of 60 bytes failed: Only part of a ReadProcessMemory or WriteProcessMemory request was completed. (0x12B)
[0920/113430.975:ERROR:process_memory_win.cc(73)] ReadMemory at 0x23f6f728e80 of 62 bytes failed: Only part of a ReadProcessMemory or WriteProcessMemory request was completed. (0x12B)
[0920/113430.975:ERROR:process_memory_win.cc(73)] ReadMemory at 0x23f6f728ed0 of 156 bytes failed: Only part of a ReadProcessMemory or WriteProcessMemory request was completed. (0x12B)
[0920/113430.976:ERROR:process_memory_win.cc(73)] ReadMemory at 0x23f6f729740 of 132 bytes failed: Only part of a ReadProcessMemory or WriteProcessMemory request was completed. (0x12B)
[0920/113430.976:ERROR:process_memory_win.cc(73)] ReadMemory at 0x23f6f729950 of 132 bytes failed: Only part of a ReadProcessMemory or WriteProcessMemory request was completed. (0x12B)
[0920/113430.976:ERROR:process_memory_win.cc(73)] ReadMemory at 0x23f6f729b60 of 132 bytes failed: Only part of a ReadProcessMemory or WriteProcessMemory request was completed. (0x12B)
[0920/113430.976:ERROR:process_memory_win.cc(73)] ReadMemory at 0x23f6f72c490 of 132 bytes failed: Only part of a ReadProcessMemory or WriteProcessMemory request was completed. (0x12B)
[0920/113430.976:ERROR:process_memory_win.cc(73)] ReadMemory at 0x23f6f72c620 of 80 bytes failed: Only part of a ReadProcessMemory or WriteProcessMemory request was completed. (0x12B)
[0920/113430.976:ERROR:process_memory_win.cc(73)] ReadMemory at 0x23f6f72c7c0 of 58 bytes failed: Only part of a ReadProcessMemory or WriteProcessMemory request was completed. (0x12B)
[0920/113430.976:ERROR:process_memory_win.cc(73)] ReadMemory at 0x23f6f72c860 of 64 bytes failed: Only part of a ReadProcessMemory or WriteProcessMemory request was completed. (0x12B)
[0920/113430.977:ERROR:process_memory_win.cc(73)] ReadMemory at 0x23f6f72c8b0 of 60 bytes failed: Only part of a ReadProcessMemory or WriteProcessMemory request was completed. (0x12B)
[0920/113430.977:ERROR:process_memory_win.cc(73)] ReadMemory at 0x23f6f72c9f0 of 62 bytes failed: Only part of a ReadProcessMemory or WriteProcessMemory request was completed. (0x12B)
[0920/113431.220:ERROR:process_memory_win.cc(73)] ReadMemory at 0x23f6f72ccc0 of 64 bytes failed: Only part of a ReadProcessMemory or WriteProcessMemory request was completed. (0x12B)
[0920/113431.220:ERROR:process_memory_win.cc(73)] ReadMemory at 0x23f6f72cd10 of 66 bytes failed: Only part of a ReadProcessMemory or WriteProcessMemory request was completed. (0x12B)
[0920/113431.291:ERROR:process_memory_win.cc(73)] ReadMemory at 0x23f6f72cd60 of 64 bytes failed: Only part of a ReadProcessMemory or WriteProcessMemory request was completed. (0x12B)
[0920/113431.292:ERROR:process_memory_win.cc(73)] ReadMemory at 0x23f6f72ce50 of 62 bytes failed: Only part of a ReadProcessMemory or WriteProcessMemory request was completed. (0x12B)
[0920/113431.292:ERROR:process_memory_win.cc(73)] ReadMemory at 0x23f6f72cea0 of 60 bytes failed: Only part of a ReadProcessMemory or WriteProcessMemory request was completed. (0x12B)
[0920/113431.618:ERROR:process_memory_win.cc(73)] ReadMemory at 0x23f6f72d460 of 132 bytes failed: Only part of a ReadProcessMemory or WriteProcessMemory request was completed. (0x12B)
[0920/113431.813:ERROR:process_memory_win.cc(73)] ReadMemory at 0x23f6f72d7d0 of 132 bytes failed: Only part of a ReadProcessMemory or WriteProcessMemory request was completed. (0x12B)
[0920/113432.110:ERROR:process_memory_win.cc(73)] ReadMemory at 0x23f6f72d900 of 132 bytes failed: Only part of a ReadProcessMemory or WriteProcessMemory request was completed. (0x12B)
[0920/113432.110:ERROR:process_memory_win.cc(73)] ReadMemory at 0x23f6f72da30 of 132 bytes failed: Only part of a ReadProcessMemory or WriteProcessMemory request was completed. (0x12B)
[0920/113432.377:ERROR:process_memory_win.cc(73)] ReadMemory at 0x23f6f72db60 of 132 bytes failed: Only part of a ReadProcessMemory or WriteProcessMemory request was completed. (0x12B)
[0920/113433.294:ERROR:process_memory_win.cc(73)] ReadMemory at 0x23f6f72dc90 of 132 bytes failed: Only part of a ReadProcessMemory or WriteProcessMemory request was completed. (0x12B)
[0920/113433.309:ERROR:process_memory_win.cc(73)] ReadMemory at 0x23f6f72ddc0 of 132 bytes failed: Only part of a ReadProcessMemory or WriteProcessMemory request was completed. (0x12B)
[0920/113433.309:ERROR:process_memory_win.cc(73)] ReadMemory at 0x23f6f72def0 of 132 bytes failed: Only part of a ReadProcessMemory or WriteProcessMemory request was completed. (0x12B)
[0920/113434.047:ERROR:process_memory_win.cc(73)] ReadMemory at 0x23f6f72e020 of 132 bytes failed: Only part of a ReadProcessMemory or WriteProcessMemory request was completed. (0x12B)
[0920/113434.047:ERROR:process_memory_win.cc(73)] ReadMemory at 0x23f6f72e150 of 132 bytes failed: Only part of a ReadProcessMemory or WriteProcessMemory request was completed. (0x12B)
[0920/113434.047:ERROR:process_memory_win.cc(73)] ReadMemory at 0x23f6f72e3b0 of 132 bytes failed: Only part of a ReadProcessMemory or WriteProcessMemory request was completed. (0x12B)
[0920/113434.048:ERROR:process_memory_win.cc(73)] ReadMemory at 0x23f6f72e4e0 of 132 bytes failed: Only part of a ReadProcessMemory or WriteProcessMemory request was completed. (0x12B)
[0920/113434.048:ERROR:process_memory_win.cc(73)] ReadMemory at 0x23f6f72e610 of 132 bytes failed: Only part of a ReadProcessMemory or WriteProcessMemory request was completed. (0x12B)
[0920/113434.048:ERROR:process_memory_win.cc(73)] ReadMemory at 0x23f6f72e8f0 of 512 bytes failed: Only part of a ReadProcessMemory or WriteProcessMemory request was completed. (0x12B)
[0920/113434.048:ERROR:process_memory_win.cc(73)] ReadMemory at 0x23f6f731bf0 of 54 bytes failed: Only part of a ReadProcessMemory or WriteProcessMemory request was completed. (0x12B)
[0920/113434.048:ERROR:process_memory_win.cc(73)] ReadMemory at 0x23f6f7332d0 of 132 bytes failed: Only part of a ReadProcessMemory or WriteProcessMemory request was completed. (0x12B)
[0920/113434.049:ERROR:process_memory_win.cc(73)] ReadMemory at 0x23f6f733400 of 132 bytes failed: Only part of a ReadProcessMemory or WriteProcessMemory request was completed. (0x12B)
[0920/113434.307:ERROR:process_memory_win.cc(73)] ReadMemory at 0x23f6f734a10 of 76 bytes failed: Only part of a ReadProcessMemory or WriteProcessMemory request was completed. (0x12B)
[0920/113434.623:ERROR:process_memory_win.cc(73)] ReadMemory at 0x23f6f734b70 of 62 bytes failed: Only part of a ReadProcessMemory or WriteProcessMemory request was completed. (0x12B)
[0920/113434.748:ERROR:process_memory_win.cc(73)] ReadMemory at 0x23f6f734c10 of 60 bytes failed: Only part of a ReadProcessMemory or WriteProcessMemory request was completed. (0x12B)
[0920/113434.748:ERROR:process_memory_win.cc(73)] ReadMemory at 0x23f6f734e40 of 60 bytes failed: Only part of a ReadProcessMemory or WriteProcessMemory request was completed. (0x12B)
[0920/113434.749:ERROR:process_memory_win.cc(73)] ReadMemory at 0x23f6f734e90 of 62 bytes failed: Only part of a ReadProcessMemory or WriteProcessMemory request was completed. (0x12B)
[0920/113434.749:ERROR:process_memory_win.cc(73)] ReadMemory at 0x23f6f735020 of 62 bytes failed: Only part of a ReadProcessMemory or WriteProcessMemory request was completed. (0x12B)
[0920/113434.749:ERROR:process_memory_win.cc(73)] ReadMemory at 0x23f6f735070 of 64 bytes failed: Only part of a ReadProcessMemory or WriteProcessMemory request was completed. (0x12B)
[0920/113435.580:ERROR:process_memory_win.cc(73)] ReadMemory at 0x23f6f7350c0 of 62 bytes failed: Only part of a ReadProcessMemory or WriteProcessMemory request was completed. (0x12B)
[0920/113435.580:ERROR:process_memory_win.cc(73)] ReadMemory at 0x23f6f7351b0 of 64 bytes failed: Only part of a ReadProcessMemory or WriteProcessMemory request was completed. (0x12B)
[0920/113435.598:ERROR:process_memory_win.cc(73)] ReadMemory at 0x23f6f7352a0 of 62 bytes failed: Only part of a ReadProcessMemory or WriteProcessMemory request was completed. (0x12B)
[0920/113435.870:ERROR:process_memory_win.cc(73)] ReadMemory at 0x23f6f7352f0 of 66 bytes failed: Only part of a ReadProcessMemory or WriteProcessMemory request was completed. (0x12B)
[0920/113435.896:ERROR:process_memory_win.cc(73)] ReadMemory at 0x23f6f735430 of 58 bytes failed: Only part of a ReadProcessMemory or WriteProcessMemory request was completed. (0x12B)
[0920/113436.507:ERROR:process_memory_win.cc(73)] ReadMemory at 0x23f6f735480 of 64 bytes failed: Only part of a ReadProcessMemory or WriteProcessMemory request was completed. (0x12B)
[0920/113436.535:ERROR:process_memory_win.cc(73)] ReadMemory at 0x23f6f7354d0 of 60 bytes failed: Only part of a ReadProcessMemory or WriteProcessMemory request was completed. (0x12B)
[0920/113436.535:ERROR:process_memory_win.cc(73)] ReadMemory at 0x23f6f735520 of 62 bytes failed: Only part of a ReadProcessMemory or WriteProcessMemory request was completed. (0x12B)
[0920/113436.535:ERROR:process_memory_win.cc(73)] ReadMemory at 0x23f6f7355c0 of 66 bytes failed: Only part of a ReadProcessMemory or WriteProcessMemory request was completed. (0x12B)
[0920/113436.535:ERROR:process_memory_win.cc(73)] ReadMemory at 0x23f6f735660 of 60 bytes failed: Only part of a ReadProcessMemory or WriteProcessMemory request was completed. (0x12B)
[0920/113436.535:ERROR:process_memory_win.cc(73)] ReadMemory at 0x23f6f7357a0 of 60 bytes failed: Only part of a ReadProcessMemory or WriteProcessMemory request was completed. (0x12B)
[0920/113436.535:ERROR:process_memory_win.cc(73)] ReadMemory at 0x23f6f7357f0 of 62 bytes failed: Only part of a ReadProcessMemory or WriteProcessMemory request was completed. (0x12B)
[0920/113436.535:ERROR:process_memory_win.cc(73)] ReadMemory at 0x23f6f735840 of 64 bytes failed: Only part of a ReadProcessMemory or WriteProcessMemory request was completed. (0x12B)
[0920/113436.536:ERROR:process_memory_win.cc(73)] ReadMemory at 0x23f6f735930 of 60 bytes failed: Only part of a ReadProcessMemory or WriteProcessMemory request was completed. (0x12B)
[0920/113436.536:ERROR:process_memory_win.cc(73)] ReadMemory at 0x23f6f735980 of 64 bytes failed: Only part of a ReadProcessMemory or WriteProcessMemory request was completed. (0x12B)
[0920/113436.536:ERROR:process_memory_win.cc(73)] ReadMemory at 0x23f6f735a20 of 62 bytes failed: Only part of a ReadProcessMemory or WriteProcessMemory request was completed. (0x12B)
[0920/113436.536:ERROR:process_memory_win.cc(73)] ReadMemory at 0x23f6f739c00 of 132 bytes failed: Only part of a ReadProcessMemory or WriteProcessMemory request was completed. (0x12B)
[0920/113436.536:ERROR:process_memory_win.cc(73)] ReadMemory at 0x23f6f739e70 of 132 bytes failed: Only part of a ReadProcessMemory or WriteProcessMemory request was completed. (0x12B)
[0920/113436.536:ERROR:process_memory_win.cc(73)] ReadMemory at 0x23f6f73ab90 of 132 bytes failed: Only part of a ReadProcessMemory or WriteProcessMemory request was completed. (0x12B)
[0920/113436.537:ERROR:process_memory_win.cc(73)] ReadMemory at 0x23f6f73af20 of 132 bytes failed: Only part of a ReadProcessMemory or WriteProcessMemory request was completed. (0x12B)
[0920/113436.672:ERROR:process_memory_win.cc(73)] ReadMemory at 0x23f6f73b050 of 132 bytes failed: Only part of a ReadProcessMemory or WriteProcessMemory request was completed. (0x12B)
[0920/113436.672:ERROR:process_memory_win.cc(73)] ReadMemory at 0x23f6f73b180 of 132 bytes failed: Only part of a ReadProcessMemory or WriteProcessMemory request was completed. (0x12B)
[0920/113436.672:ERROR:process_memory_win.cc(73)] ReadMemory at 0x23f6f73b2b0 of 132 bytes failed: Only part of a ReadProcessMemory or WriteProcessMemory request was completed. (0x12B)
[0920/113436.672:ERROR:process_memory_win.cc(73)] ReadMemory at 0x23f6f73b510 of 132 bytes failed: Only part of a ReadProcessMemory or WriteProcessMemory request was completed. (0x12B)
[0920/113436.672:ERROR:process_memory_win.cc(73)] ReadMemory at 0x23f6f73b770 of 132 bytes failed: Only part of a ReadProcessMemory or WriteProcessMemory request was completed. (0x12B)
[0920/113436.673:ERROR:process_memory_win.cc(73)] ReadMemory at 0x23f6f73b8a0 of 132 bytes failed: Only part of a ReadProcessMemory or WriteProcessMemory request was completed. (0x12B)
[0920/113436.673:ERROR:process_memory_win.cc(73)] ReadMemory at 0x23f6f73bb00 of 132 bytes failed: Only part of a ReadProcessMemory or WriteProcessMemory request was completed. (0x12B)
[0920/113436.673:ERROR:process_memory_win.cc(73)] ReadMemory at 0x23f6f73bd60 of 132 bytes failed: Only part of a ReadProcessMemory or WriteProcessMemory request was completed. (0x12B)
[0920/113436.673:ERROR:process_memory_win.cc(73)] ReadMemory at 0x23f6f73be90 of 132 bytes failed: Only part of a ReadProcessMemory or WriteProcessMemory request was completed. (0x12B)
[0920/113436.673:ERROR:process_memory_win.cc(73)] ReadMemory at 0x23f6f73c220 of 132 bytes failed: Only part of a ReadProcessMemory or WriteProcessMemory request was completed. (0x12B)
[0920/113437.029:ERROR:process_memory_win.cc(73)] ReadMemory at 0x23f6f73c5b0 of 132 bytes failed: Only part of a ReadProcessMemory or WriteProcessMemory request was completed. (0x12B)
[0920/113437.029:ERROR:process_memory_win.cc(73)] ReadMemory at 0x23f6f73c810 of 132 bytes failed: Only part of a ReadProcessMemory or WriteProcessMemory request was completed. (0x12B)
[0920/113437.029:ERROR:process_memory_win.cc(73)] ReadMemory at 0x23f6f746f10 of 58 bytes failed: Only part of a ReadProcessMemory or WriteProcessMemory request was completed. (0x12B)
[0920/113437.029:ERROR:process_memory_win.cc(73)] ReadMemory at 0x23f6f751b80 of 512 bytes failed: Only part of a ReadProcessMemory or WriteProcessMemory request was completed. (0x12B)
[0920/113437.029:ERROR:process_memory_win.cc(73)] ReadMemory at 0x23f6fe9beb0 of 512 bytes failed: Only part of a ReadProcessMemory or WriteProcessMemory request was completed. (0x12B)
[0920/113437.029:ERROR:process_memory_win.cc(73)] ReadMemory at 0x23f6fea1210 of 512 bytes failed: Only part of a ReadProcessMemory or WriteProcessMemory request was completed. (0x12B)
[0920/113437.062:ERROR:process_memory_win.cc(73)] ReadMemory at 0x23f6fec2fa0 of 712 bytes failed: Only part of a ReadProcessMemory or WriteProcessMemory request was completed. (0x12B)
[0920/113437.062:ERROR:process_memory_win.cc(73)] ReadMemory at 0x23f6fee84d8 of 800 bytes failed: Only part of a ReadProcessMemory or WriteProcessMemory request was completed. (0x12B)
[0920/113437.062:ERROR:process_memory_win.cc(73)] ReadMemory at 0x23f6fee8b08 of 512 bytes failed: Only part of a ReadProcessMemory or WriteProcessMemory request was completed. (0x12B)
[0920/113437.062:ERROR:process_memory_win.cc(73)] ReadMemory at 0x23f72a3e290 of 648 bytes failed: Only part of a ReadProcessMemory or WriteProcessMemory request was completed. (0x12B)
[0920/113437.063:ERROR:process_memory_win.cc(73)] ReadMemory at 0x23f72a3e9e0 of 512 bytes failed: Only part of a ReadProcessMemory or WriteProcessMemory request was completed. (0x12B)
[0920/113437.063:ERROR:process_memory_win.cc(73)] ReadMemory at 0x23f72a3faf0 of 512 bytes failed: Only part of a ReadProcessMemory or WriteProcessMemory request was completed. (0x12B)
[0920/113437.533:ERROR:process_memory_win.cc(73)] ReadMemory at 0x23f72a3fd60 of 648 bytes failed: Only part of a ReadProcessMemory or WriteProcessMemory request was completed. (0x12B)
[0920/113437.533:ERROR:process_memory_win.cc(73)] ReadMemory at 0x7e209aa8a28 of 512 bytes failed: Only part of a ReadProcessMemory or WriteProcessMemory request was completed. (0x12B)
[0920/113437.533:ERROR:process_memory_win.cc(73)] ReadMemory at 0x7e209aa8f70 of 520 bytes failed: Only part of a ReadProcessMemory or WriteProcessMemory request was completed. (0x12B)
[0920/113437.534:ERROR:process_memory_win.cc(73)] ReadMemory at 0xbec8ae1e8b0 of 512 bytes failed: Only part of a ReadProcessMemory or WriteProcessMemory request was completed. (0x12B)
[0920/113437.534:ERROR:process_memory_win.cc(73)] ReadMemory at 0xbec8ae215e8 of 528 bytes failed: Only part of a ReadProcessMemory or WriteProcessMemory request was completed. (0x12B)
[0920/113437.534:ERROR:process_memory_win.cc(73)] ReadMemory at 0x15b7fd16519a of 512 bytes failed: Only part of a ReadProcessMemory or WriteProcessMemory request was completed. (0x12B)
[0920/113437.534:ERROR:process_memory_win.cc(73)] ReadMemory at 0x15b7fd16ce70 of 784 bytes failed: Only part of a ReadProcessMemory or WriteProcessMemory request was completed. (0x12B)
[0920/113437.535:ERROR:process_memory_win.cc(73)] ReadMemory at 0x1852733d8fd0 of 512 bytes failed: Only part of a ReadProcessMemory or WriteProcessMemory request was completed. (0x12B)
[0920/113437.535:ERROR:process_memory_win.cc(73)] ReadMemory at 0x1f757337b281 of 512 bytes failed: Only part of a ReadProcessMemory or WriteProcessMemory request was completed. (0x12B)
[0920/113437.535:ERROR:process_memory_win.cc(73)] ReadMemory at 0x1f757337c631 of 512 bytes failed: Only part of a ReadProcessMemory or WriteProcessMemory request was completed. (0x12B)
[0920/113437.535:ERROR:process_memory_win.cc(73)] ReadMemory at 0x37a7f1791f78 of 520 bytes failed: Only part of a ReadProcessMemory or WriteProcessMemory request was completed. (0x12B)
[0920/113437.535:ERROR:process_memory_win.cc(73)] ReadMemory at 0x3c25c350f1d1 of 512 bytes failed: Only part of a ReadProcessMemory or WriteProcessMemory request was completed. (0x12B)
[0920/113437.535:ERROR:process_memory_win.cc(73)] ReadMemory at 0x3d187a3d0f70 of 528 bytes failed: Only part of a ReadProcessMemory or WriteProcessMemory request was completed. (0x12B)
[0920/113437.535:ERROR:process_memory_win.cc(73)] ReadMemory at 0x55236bd9dea8 of 512 bytes failed: Only part of a ReadProcessMemory or WriteProcessMemory request was completed. (0x12B)
[0920/113437.720:ERROR:process_memory_win.cc(73)] ReadMemory at 0x6d86ab0df69a of 512 bytes failed: Only part of a ReadProcessMemory or WriteProcessMemory request was completed. (0x12B)
[0920/113437.720:ERROR:process_memory_win.cc(73)] ReadMemory at 0x7ff8b7348489 of 512 bytes failed: Only part of a ReadProcessMemory or WriteProcessMemory request was completed. (0x12B)
[0920/113437.803:ERROR:process_memory_win.cc(73)] ReadMemory at 0x7ff8bb0612fe of 512 bytes failed: Only part of a ReadProcessMemory or WriteProcessMemory request was completed. (0x12B)
[0920/113437.803:ERROR:process_memory_win.cc(73)] ReadMemory at 0x7ff8d22857e6 of 512 bytes failed: Only part of a ReadProcessMemory or WriteProcessMemory request was completed. (0x12B)
[0920/113437.804:ERROR:process_memory_win.cc(73)] ReadMemory at 0x7ff8d228603d of 512 bytes failed: Only part of a ReadProcessMemory or WriteProcessMemory request was completed. (0x12B)
[0920/113437.804:ERROR:process_memory_win.cc(73)] ReadMemory at 0x7ff8f88a1f80 of 512 bytes failed: Only part of a ReadProcessMemory or WriteProcessMemory request was completed. (0x12B)
[0920/113437.804:ERROR:process_memory_win.cc(73)] ReadMemory at 0x7ff8fa79c0d4 of 672 bytes failed: Only part of a ReadProcessMemory or WriteProcessMemory request was completed. (0x12B)
[0920/113437.832:ERROR:process_memory_win.cc(73)] ReadMemory at 0x7ff8fa79f984 of 608 bytes failed: Only part of a ReadProcessMemory or WriteProcessMemory request was completed. (0x12B)
[0920/113437.832:ERROR:process_memory_win.cc(73)] ReadMemory at 0x7ff8fa82c428 of 18 bytes failed: Only part of a ReadProcessMemory or WriteProcessMemory request was completed. (0x12B)
[0920/113437.832:ERROR:process_memory_win.cc(73)] ReadMemory at 0x7ff8fa85f4f8 of 40 bytes failed: Only part of a ReadProcessMemory or WriteProcessMemory request was completed. (0x12B)
[0920/113437.832:ERROR:process_memory_win.cc(73)] ReadMemory at 0x7ff8fa85f978 of 48 bytes failed: Only part of a ReadProcessMemory or WriteProcessMemory request was completed. (0x12B)
[0920/113437.833:ERROR:process_memory_win.cc(73)] ReadMemory at 0x7ff8fa8653c0 of 64 bytes failed: Only part of a ReadProcessMemory or WriteProcessMemory request was completed. (0x12B)
[0920/113438.049:ERROR:scoped_process_suspend.cc(40)] NtResumeProcess: An attempt was made to access an exiting process. (0xc000010a)
